[0m09:48:26.777727 [debug] [MainThread]: Sending event: {'category': 'dbt', 'action': 'invocation', 'label': 'start', 'context': [<snowplow_tracker.self_describing_json.SelfDescribingJson object at 0x106d679e0>, <snowplow_tracker.self_describing_json.SelfDescribingJson object at 0x1122d4710>, <snowplow_tracker.self_describing_json.SelfDescribingJson object at 0x1122d4320>]}


============================== 09:48:26.781051 | 5f0295cf-7a25-40b6-8588-3c83fcba2a8d ==============================
[0m09:48:26.781051 [info ] [MainThread]: Running with dbt=1.11.6
[0m09:48:26.781477 [debug] [MainThread]: running dbt with arguments {'static_parser': 'True', 'empty': 'None', 'log_path': 'logs', 'quiet': 'False', 'no_print': 'None', 'debug': 'False', 'cache_selected_only': 'False', 'indirect_selection': 'eager', 'use_experimental_parser': 'False', 'warn_error_options': 'WarnErrorOptionsV2(error=[], warn=[], silence=[])', 'invocation_command': 'dbt init dbt_project', 'log_format': 'default', 'profiles_dir': '/Users/sagarikaraju/.dbt', 'printer_width': '80', 'introspect': 'True', 'version_check': 'True', 'use_colors': 'True', 'fail_fast': 'False', 'log_cache_events': 'False', 'write_json': 'True', 'target_path': 'None', 'send_anonymous_usage_stats': 'True', 'warn_error': 'None', 'partial_parse': 'True'}
[0m09:48:26.801388 [info ] [MainThread]: Creating dbt configuration folder at /Users/sagarikaraju/.dbt
[0m09:48:26.802713 [debug] [MainThread]: Starter project path: /Users/sagarikaraju/roboflow-universe-intelligence/venv/lib/python3.12/site-packages/dbt/include/starter_project
[0m09:48:26.812537 [info ] [MainThread]: 
Your new dbt project "dbt_project" was created!

For more information on how to configure the profiles.yml file,
please consult the dbt documentation here:

  https://docs.getdbt.com/docs/configure-your-profile

One more thing:

Need help? Don't hesitate to reach out to us via GitHub issues or on Slack:

  https://community.getdbt.com/

Happy modeling!

[0m09:48:26.813557 [info ] [MainThread]: Setting up your profile.
[0m09:48:43.095811 [info ] [MainThread]: Profile dbt_project written to /Users/sagarikaraju/.dbt/profiles.yml using target's sample configuration. Once updated, you'll be able to start developing with dbt.
[0m09:48:43.098681 [debug] [MainThread]: Resource report: {"command_name": "init", "command_success": true, "command_wall_clock_time": 16.380459, "process_in_blocks": "0", "process_kernel_time": 0.18784, "process_mem_max_rss": "105742336", "process_out_blocks": "0", "process_user_time": 0.77505}
[0m09:48:43.099053 [debug] [MainThread]: Command `dbt init` succeeded at 09:48:43.098967 after 16.38 seconds
[0m09:48:43.099349 [debug] [MainThread]: Sending event: {'category': 'dbt', 'action': 'invocation', 'label': 'end', 'context': [<snowplow_tracker.self_describing_json.SelfDescribingJson object at 0x1122d44a0>, <snowplow_tracker.self_describing_json.SelfDescribingJson object at 0x11103b170>, <snowplow_tracker.self_describing_json.SelfDescribingJson object at 0x106d679e0>]}
[0m09:48:43.099606 [debug] [MainThread]: Flushing usage events
[0m09:48:43.616503 [debug] [MainThread]: An error was encountered while trying to flush usage events
